
> @vben/web-antd@20260316.01 build C:\Users\Administrator\.openclaw\workspace-wms\WMS-frontend\apps\web-antd
> pnpm vite build --mode production

[36mvite v7.3.1 [32mbuilding client environment for production...[36m[39m
transforming...

 WARN  [33mConflicting namespaces: "src/api/system/index.ts" re-exports "getDeptTree" from one of the modules "src/api/system/user.ts" and "src/api/system/dept.ts" (will be ignored).[39m


 WARN  [33mConflicting namespaces: "src/api/index.ts" re-exports "deleteUser" from one of the modules "src/api/system/index.ts" and "src/api/sys/index.ts" (will be ignored).[39m

[32m✓[39m 8662 modules transformed.

 ERROR  [31m✗[39m Build failed in 21.98s


 ERROR  [31merror during build:
[31msrc/views/system/user/index.vue?vue&type=script&setup=true&lang.ts (28:53): "deleteUser" is not exported by "src/api/index.ts", imported by "src/views/system/user/index.vue?vue&type=script&setup=true&lang.ts".[31m
file: [36mC:/Users/Administrator/.openclaw/workspace-wms/WMS-frontend/apps/web-antd/src/views/system/user/index.vue?vue&type=script&setup=true&lang.ts:28:53[31m
[33m
26:   Input,
27: } from 'ant-design-vue';
28: import { getUserList, updateUserStatus, getDeptTree, deleteUser, exportUser, resetUserPwd } from '#/api';
                                                         ^
29: import type { UserApi } from '#/api';
30: import deptTree from './modules/deptTree.vue';
[31m
    at getRollupError (file:///C:/Users/Administrator/.openclaw/workspace-wms/WMS-frontend/node_modules/.pnpm/rollup@4.57.0/node_modules/rollup/dist/es/shared/parseAst.js:402:41)
    at error (file:///C:/Users/Administrator/.openclaw/workspace-wms/WMS-frontend/node_modules/.pnpm/rollup@4.57.0/node_modules/rollup/dist/es/shared/parseAst.js:398:42)
    at Module.error (file:///C:/Users/Administrator/.openclaw/workspace-wms/WMS-frontend/node_modules/.pnpm/rollup@4.57.0/node_modules/rollup/dist/es/shared/node-entry.js:17037:16)
    at Module.traceVariable (file:///C:/Users/Administrator/.openclaw/workspace-wms/WMS-frontend/node_modules/.pnpm/rollup@4.57.0/node_modules/rollup/dist/es/shared/node-entry.js:17449:29)
    at ModuleScope.findVariable (file:///C:/Users/Administrator/.openclaw/workspace-wms/WMS-frontend/node_modules/.pnpm/rollup@4.57.0/node_modules/rollup/dist/es/shared/node-entry.js:15067:39)
    at ChildScope.findVariable (file:///C:/Users/Administrator/.openclaw/workspace-wms/WMS-frontend/node_modules/.pnpm/rollup@4.57.0/node_modules/rollup/dist/es/shared/node-entry.js:5673:38)
    at FunctionScope.findVariable (file:///C:/Users/Administrator/.openclaw/workspace-wms/WMS-frontend/node_modules/.pnpm/rollup@4.57.0/node_modules/rollup/dist/es/shared/node-entry.js:5673:38)
    at FunctionBodyScope.findVariable (file:///C:/Users/Administrator/.openclaw/workspace-wms/WMS-frontend/node_modules/.pnpm/rollup@4.57.0/node_modules/rollup/dist/es/shared/node-entry.js:5673:38)
    at ReturnValueScope.findVariable (file:///C:/Users/Administrator/.openclaw/workspace-wms/WMS-frontend/node_modules/.pnpm/rollup@4.57.0/node_modules/rollup/dist/es/shared/node-entry.js:5673:38)
    at FunctionBodyScope.findVariable (file:///C:/Users/Administrator/.openclaw/workspace-wms/WMS-frontend/node_modules/.pnpm/rollup@4.57.0/node_modules/rollup/dist/es/shared/node-entry.js:5673:38)[39m

 ELIFECYCLE  Command failed with exit code 1.
