
> @vben/web-antd@5.5.9 typecheck /home/kftd/.openclaw/workspace/projects/frontend/apps/web-antd
> vue-tsc --noEmit --skipLibCheck

src/api/adjust/count.ts(16,28): error TS1127: Invalid character.
src/api/adjust/count.ts(16,43): error TS1127: Invalid character.
src/api/adjust/count.ts(16,44): error TS1127: Invalid character.
src/api/adjust/count.ts(31,31): error TS1127: Invalid character.
src/api/adjust/count.ts(31,46): error TS1127: Invalid character.
src/api/adjust/count.ts(31,47): error TS1127: Invalid character.
src/api/adjust/move.ts(16,28): error TS1127: Invalid character.
src/api/adjust/move.ts(16,42): error TS1127: Invalid character.
src/api/adjust/move.ts(16,43): error TS1127: Invalid character.
src/api/adjust/move.ts(31,31): error TS1127: Invalid character.
src/api/adjust/move.ts(31,45): error TS1127: Invalid character.
src/api/adjust/move.ts(31,46): error TS1127: Invalid character.
src/api/adjust/scrap.ts(16,28): error TS1127: Invalid character.
src/api/adjust/scrap.ts(16,43): error TS1127: Invalid character.
src/api/adjust/scrap.ts(16,44): error TS1127: Invalid character.
src/api/adjust/scrap.ts(31,31): error TS1127: Invalid character.
src/api/adjust/scrap.ts(31,46): error TS1127: Invalid character.
src/api/adjust/scrap.ts(31,47): error TS1127: Invalid character.
src/api/delivery/express.ts(16,28): error TS1127: Invalid character.
src/api/delivery/express.ts(16,47): error TS1127: Invalid character.
src/api/delivery/express.ts(16,48): error TS1127: Invalid character.
src/api/delivery/express.ts(31,31): error TS1127: Invalid character.
src/api/delivery/express.ts(31,50): error TS1127: Invalid character.
src/api/delivery/express.ts(31,51): error TS1127: Invalid character.
src/api/delivery/sign.ts(16,28): error TS1127: Invalid character.
src/api/delivery/sign.ts(16,44): error TS1127: Invalid character.
src/api/delivery/sign.ts(16,45): error TS1127: Invalid character.
src/api/delivery/sign.ts(31,31): error TS1127: Invalid character.
src/api/delivery/sign.ts(31,47): error TS1127: Invalid character.
src/api/delivery/sign.ts(31,48): error TS1127: Invalid character.
src/api/foreign/apply.ts(16,28): error TS1127: Invalid character.
src/api/foreign/apply.ts(16,44): error TS1127: Invalid character.
src/api/foreign/apply.ts(16,45): error TS1127: Invalid character.
src/api/foreign/apply.ts(31,31): error TS1127: Invalid character.
src/api/foreign/apply.ts(31,47): error TS1127: Invalid character.
src/api/foreign/apply.ts(31,48): error TS1127: Invalid character.
src/api/foreign/customs.ts(16,28): error TS1127: Invalid character.
src/api/foreign/customs.ts(16,46): error TS1127: Invalid character.
src/api/foreign/customs.ts(16,47): error TS1127: Invalid character.
src/api/foreign/customs.ts(31,31): error TS1127: Invalid character.
src/api/foreign/customs.ts(31,49): error TS1127: Invalid character.
src/api/foreign/customs.ts(31,50): error TS1127: Invalid character.
src/api/foreign/inspection.ts(16,28): error TS1127: Invalid character.
src/api/foreign/inspection.ts(16,49): error TS1127: Invalid character.
src/api/foreign/inspection.ts(16,50): error TS1127: Invalid character.
src/api/foreign/inspection.ts(31,31): error TS1127: Invalid character.
src/api/foreign/inspection.ts(31,52): error TS1127: Invalid character.
src/api/foreign/inspection.ts(31,53): error TS1127: Invalid character.
src/api/foreign/pending.ts(16,28): error TS1127: Invalid character.
src/api/foreign/pending.ts(16,46): error TS1127: Invalid character.
src/api/foreign/pending.ts(16,47): error TS1127: Invalid character.
src/api/foreign/pending.ts(31,31): error TS1127: Invalid character.
src/api/foreign/pending.ts(31,49): error TS1127: Invalid character.
src/api/foreign/pending.ts(31,50): error TS1127: Invalid character.
src/api/foreign/shipping.ts(16,28): error TS1127: Invalid character.
src/api/foreign/shipping.ts(16,47): error TS1127: Invalid character.
src/api/foreign/shipping.ts(16,48): error TS1127: Invalid character.
src/api/foreign/shipping.ts(31,31): error TS1127: Invalid character.
src/api/foreign/shipping.ts(31,50): error TS1127: Invalid character.
src/api/foreign/shipping.ts(31,51): error TS1127: Invalid character.
src/api/inbound/production.ts(16,28): error TS1127: Invalid character.
src/api/inbound/production.ts(16,49): error TS1127: Invalid character.
src/api/inbound/production.ts(16,50): error TS1127: Invalid character.
src/api/inbound/production.ts(31,31): error TS1127: Invalid character.
src/api/inbound/production.ts(31,52): error TS1127: Invalid character.
src/api/inbound/production.ts(31,53): error TS1127: Invalid character.
src/api/inbound/purchase.ts(16,28): error TS1127: Invalid character.
src/api/inbound/purchase.ts(16,47): error TS1127: Invalid character.
src/api/inbound/purchase.ts(16,48): error TS1127: Invalid character.
src/api/inbound/purchase.ts(31,31): error TS1127: Invalid character.
src/api/inbound/purchase.ts(31,50): error TS1127: Invalid character.
src/api/inbound/purchase.ts(31,51): error TS1127: Invalid character.
src/api/inbound/return.ts(16,28): error TS1127: Invalid character.
src/api/inbound/return.ts(16,45): error TS1127: Invalid character.
src/api/inbound/return.ts(16,46): error TS1127: Invalid character.
src/api/inbound/return.ts(31,31): error TS1127: Invalid character.
src/api/inbound/return.ts(31,48): error TS1127: Invalid character.
src/api/inbound/return.ts(31,49): error TS1127: Invalid character.
src/api/inbound/returnMaterial.ts(16,28): error TS1127: Invalid character.
src/api/inbound/returnMaterial.ts(16,54): error TS1127: Invalid character.
src/api/inbound/returnMaterial.ts(16,55): error TS1127: Invalid character.
src/api/inbound/returnMaterial.ts(31,31): error TS1127: Invalid character.
src/api/inbound/returnMaterial.ts(31,57): error TS1127: Invalid character.
src/api/inbound/returnMaterial.ts(31,58): error TS1127: Invalid character.
src/api/inbound/transfer.ts(16,28): error TS1127: Invalid character.
src/api/inbound/transfer.ts(16,47): error TS1127: Invalid character.
src/api/inbound/transfer.ts(16,48): error TS1127: Invalid character.
src/api/inbound/transfer.ts(31,31): error TS1127: Invalid character.
src/api/inbound/transfer.ts(31,50): error TS1127: Invalid character.
src/api/inbound/transfer.ts(31,51): error TS1127: Invalid character.
src/api/out-order/list.ts(16,28): error TS1127: Invalid character.
src/api/out-order/list.ts(16,45): error TS1127: Invalid character.
src/api/out-order/list.ts(16,46): error TS1127: Invalid character.
src/api/out-order/list.ts(31,31): error TS1127: Invalid character.
src/api/out-order/list.ts(31,48): error TS1127: Invalid character.
src/api/out-order/list.ts(31,49): error TS1127: Invalid character.
src/api/out-order/package.ts(16,28): error TS1127: Invalid character.
src/api/out-order/package.ts(16,48): error TS1127: Invalid character.
src/api/out-order/package.ts(16,49): error TS1127: Invalid character.
src/api/out-order/package.ts(31,31): error TS1127: Invalid character.
src/api/out-order/package.ts(31,51): error TS1127: Invalid character.
src/api/out-order/package.ts(31,52): error TS1127: Invalid character.
src/api/out-order/prepare.ts(16,28): error TS1127: Invalid character.
src/api/out-order/prepare.ts(16,48): error TS1127: Invalid character.
src/api/out-order/prepare.ts(16,49): error TS1127: Invalid character.
src/api/out-order/prepare.ts(31,31): error TS1127: Invalid character.
src/api/out-order/prepare.ts(31,51): error TS1127: Invalid character.
src/api/out-order/prepare.ts(31,52): error TS1127: Invalid character.
src/api/out-order/shipping.ts(16,28): error TS1127: Invalid character.
src/api/out-order/shipping.ts(16,49): error TS1127: Invalid character.
src/api/out-order/shipping.ts(16,50): error TS1127: Invalid character.
src/api/out-order/shipping.ts(31,31): error TS1127: Invalid character.
src/api/out-order/shipping.ts(31,52): error TS1127: Invalid character.
src/api/out-order/shipping.ts(31,53): error TS1127: Invalid character.
src/api/outbound/returnMaterial.ts(16,28): error TS1127: Invalid character.
src/api/outbound/returnMaterial.ts(16,55): error TS1127: Invalid character.
src/api/outbound/returnMaterial.ts(16,56): error TS1127: Invalid character.
src/api/outbound/returnMaterial.ts(31,31): error TS1127: Invalid character.
src/api/outbound/returnMaterial.ts(31,58): error TS1127: Invalid character.
src/api/outbound/returnMaterial.ts(31,59): error TS1127: Invalid character.
src/api/outbound/returnPurchase.ts(16,28): error TS1127: Invalid character.
src/api/outbound/returnPurchase.ts(16,55): error TS1127: Invalid character.
src/api/outbound/returnPurchase.ts(16,56): error TS1127: Invalid character.
src/api/outbound/returnPurchase.ts(31,31): error TS1127: Invalid character.
src/api/outbound/returnPurchase.ts(31,58): error TS1127: Invalid character.
src/api/outbound/returnPurchase.ts(31,59): error TS1127: Invalid character.
src/api/outbound/sale.ts(16,28): error TS1127: Invalid character.
src/api/outbound/sale.ts(16,44): error TS1127: Invalid character.
src/api/outbound/sale.ts(16,45): error TS1127: Invalid character.
src/api/outbound/sale.ts(31,31): error TS1127: Invalid character.
src/api/outbound/sale.ts(31,47): error TS1127: Invalid character.
src/api/outbound/sale.ts(31,48): error TS1127: Invalid character.
src/api/outbound/transfer.ts(16,28): error TS1127: Invalid character.
src/api/outbound/transfer.ts(16,48): error TS1127: Invalid character.
src/api/outbound/transfer.ts(16,49): error TS1127: Invalid character.
src/api/outbound/transfer.ts(31,31): error TS1127: Invalid character.
src/api/outbound/transfer.ts(31,51): error TS1127: Invalid character.
src/api/outbound/transfer.ts(31,52): error TS1127: Invalid character.
src/api/outbound/use.ts(16,28): error TS1127: Invalid character.
src/api/outbound/use.ts(16,43): error TS1127: Invalid character.
src/api/outbound/use.ts(16,44): error TS1127: Invalid character.
src/api/outbound/use.ts(31,31): error TS1127: Invalid character.
src/api/outbound/use.ts(31,46): error TS1127: Invalid character.
src/api/outbound/use.ts(31,47): error TS1127: Invalid character.
src/api/pickup/accompany.ts(16,28): error TS1127: Invalid character.
src/api/pickup/accompany.ts(16,47): error TS1127: Invalid character.
src/api/pickup/accompany.ts(16,48): error TS1127: Invalid character.
src/api/pickup/accompany.ts(31,31): error TS1127: Invalid character.
src/api/pickup/accompany.ts(31,50): error TS1127: Invalid character.
src/api/pickup/accompany.ts(31,51): error TS1127: Invalid character.
src/api/pickup/cro.ts(16,28): error TS1127: Invalid character.
src/api/pickup/cro.ts(16,41): error TS1127: Invalid character.
src/api/pickup/cro.ts(16,42): error TS1127: Invalid character.
src/api/pickup/cro.ts(31,31): error TS1127: Invalid character.
src/api/pickup/cro.ts(31,44): error TS1127: Invalid character.
src/api/pickup/cro.ts(31,45): error TS1127: Invalid character.
src/api/pickup/sale.ts(16,28): error TS1127: Invalid character.
src/api/pickup/sale.ts(16,42): error TS1127: Invalid character.
src/api/pickup/sale.ts(16,43): error TS1127: Invalid character.
src/api/pickup/sale.ts(31,31): error TS1127: Invalid character.
src/api/pickup/sale.ts(31,45): error TS1127: Invalid character.
src/api/pickup/sale.ts(31,46): error TS1127: Invalid character.
src/api/pickup/transfer.ts(16,28): error TS1127: Invalid character.
src/api/pickup/transfer.ts(16,46): error TS1127: Invalid character.
src/api/pickup/transfer.ts(16,47): error TS1127: Invalid character.
src/api/pickup/transfer.ts(31,31): error TS1127: Invalid character.
src/api/pickup/transfer.ts(31,49): error TS1127: Invalid character.
src/api/pickup/transfer.ts(31,50): error TS1127: Invalid character.
src/api/pickup/urgent.ts(16,28): error TS1127: Invalid character.
src/api/pickup/urgent.ts(16,44): error TS1127: Invalid character.
src/api/pickup/urgent.ts(16,45): error TS1127: Invalid character.
src/api/pickup/urgent.ts(31,31): error TS1127: Invalid character.
src/api/pickup/urgent.ts(31,47): error TS1127: Invalid character.
src/api/pickup/urgent.ts(31,48): error TS1127: Invalid character.
src/api/pickup/use.ts(16,28): error TS1127: Invalid character.
src/api/pickup/use.ts(16,41): error TS1127: Invalid character.
src/api/pickup/use.ts(16,42): error TS1127: Invalid character.
src/api/pickup/use.ts(31,31): error TS1127: Invalid character.
src/api/pickup/use.ts(31,44): error TS1127: Invalid character.
src/api/pickup/use.ts(31,45): error TS1127: Invalid character.
src/api/qc/evaluate.ts(16,28): error TS1127: Invalid character.
src/api/qc/evaluate.ts(16,42): error TS1127: Invalid character.
src/api/qc/evaluate.ts(16,43): error TS1127: Invalid character.
src/api/qc/evaluate.ts(31,31): error TS1127: Invalid character.
src/api/qc/evaluate.ts(31,45): error TS1127: Invalid character.
src/api/qc/evaluate.ts(31,46): error TS1127: Invalid character.
src/api/qc/standard.ts(16,28): error TS1127: Invalid character.
src/api/qc/standard.ts(16,42): error TS1127: Invalid character.
src/api/qc/standard.ts(16,43): error TS1127: Invalid character.
src/api/qc/standard.ts(31,31): error TS1127: Invalid character.
src/api/qc/standard.ts(31,45): error TS1127: Invalid character.
src/api/qc/standard.ts(31,46): error TS1127: Invalid character.
src/api/query/flow.ts(16,28): error TS1127: Invalid character.
src/api/query/flow.ts(16,41): error TS1127: Invalid character.
src/api/query/flow.ts(16,42): error TS1127: Invalid character.
src/api/query/flow.ts(31,31): error TS1127: Invalid character.
src/api/query/flow.ts(31,44): error TS1127: Invalid character.
src/api/query/flow.ts(31,45): error TS1127: Invalid character.
src/api/query/qrcode.ts(16,28): error TS1127: Invalid character.
src/api/query/qrcode.ts(16,43): error TS1127: Invalid character.
src/api/query/qrcode.ts(16,44): error TS1127: Invalid character.
src/api/query/qrcode.ts(31,31): error TS1127: Invalid character.
src/api/query/qrcode.ts(31,46): error TS1127: Invalid character.
src/api/query/qrcode.ts(31,47): error TS1127: Invalid character.
src/api/transit/delivery.ts(16,28): error TS1127: Invalid character.
src/api/transit/delivery.ts(16,47): error TS1127: Invalid character.
src/api/transit/delivery.ts(16,48): error TS1127: Invalid character.
src/api/transit/delivery.ts(31,31): error TS1127: Invalid character.
src/api/transit/delivery.ts(31,50): error TS1127: Invalid character.
src/api/transit/delivery.ts(31,51): error TS1127: Invalid character.
src/api/transit/receive.ts(16,28): error TS1127: Invalid character.
src/api/transit/receive.ts(16,46): error TS1127: Invalid character.
src/api/transit/receive.ts(16,47): error TS1127: Invalid character.
src/api/transit/receive.ts(31,31): error TS1127: Invalid character.
src/api/transit/receive.ts(31,49): error TS1127: Invalid character.
src/api/transit/receive.ts(31,50): error TS1127: Invalid character.
 ELIFECYCLE  Command failed with exit code 2.
