
> @vben/backend-mock@0.0.1 build D:\Java\WMS\WMS-frontend\apps\backend-mock
> nitro build

[nitro] √ Generated public .output/public
[nitro] i Building Nitro Server (preset: node-server, compatibility date: 2026-04-16)
[nitro] √ Nitro Server built
  ├─ .output/server/chunks/_/cookie-utils.mjs (693 B) (313 B gzip)
  ├─ .output/server/chunks/_/cookie-utils.mjs.map (600 B) (277 B gzip)
  ├─ .output/server/chunks/_/jwt-utils.mjs (1.65 kB) (601 B gzip)
  ├─ .output/server/chunks/_/jwt-utils.mjs.map (1.62 kB) (517 B gzip)
  ├─ .output/server/chunks/_/mock-data.mjs (9.09 kB) (1.93 kB gzip)
  ├─ .output/server/chunks/_/mock-data.mjs.map (8.23 kB) (1.25 kB gzip)
  ├─ .output/server/chunks/_/nitro.mjs (160 kB) (39.1 kB gzip)
  ├─ .output/server/chunks/_/nitro.mjs.map (4.13 kB) (876 B gzip)
  ├─ .output/server/chunks/_/timezone-utils.mjs (237 B) (154 B gzip)
  ├─ .output/server/chunks/_/timezone-utils.mjs.map (260 B) (186 B gzip)
  ├─ .output/server/chunks/routes/_..._.mjs (670 B) (330 B gzip)
  ├─ .output/server/chunks/routes/_..._.mjs.map (220 B) (151 B gzip)
  ├─ .output/server/chunks/routes/api/auth/codes.mjs (832 B) (406 B gzip)
  ├─ .output/server/chunks/routes/api/auth/codes.mjs.map (543 B) (287 B gzip)
  ├─ .output/server/chunks/routes/api/auth/login.post.mjs (1.46 kB) (590 B gzip)
  ├─ .output/server/chunks/routes/api/auth/login.post.mjs.map (837 B) (372 B gzip)
  ├─ .output/server/chunks/routes/api/auth/logout.post.mjs (687 B) (309 B gzip)
  ├─ .output/server/chunks/routes/api/auth/logout.post.mjs.map (370 B) (228 B gzip)
  ├─ .output/server/chunks/routes/api/auth/refresh.post.mjs (1.25 kB) (463 B gzip)
  ├─ .output/server/chunks/routes/api/auth/refresh.post.mjs.map (734 B) (323 B gzip)
  ├─ .output/server/chunks/routes/api/demo/bigint.mjs (1.24 kB) (505 B gzip)
  ├─ .output/server/chunks/routes/api/demo/bigint.mjs.map (493 B) (245 B gzip)
  ├─ .output/server/chunks/routes/api/login.post.mjs (1.47 kB) (596 B gzip)
  ├─ .output/server/chunks/routes/api/login.post.mjs.map (839 B) (372 B gzip)
  ├─ .output/server/chunks/routes/api/menu/all.mjs (832 B) (411 B gzip)
  ├─ .output/server/chunks/routes/api/menu/all.mjs.map (539 B) (284 B gzip)
  ├─ .output/server/chunks/routes/api/menu/getRouters.mjs (853 B) (417 B gzip)
  ├─ .output/server/chunks/routes/api/menu/getRouters.mjs.map (554 B) (292 B gzip)
  ├─ .output/server/chunks/routes/api/menu/list.mjs (835 B) (412 B gzip)
  ├─ .output/server/chunks/routes/api/menu/list.mjs.map (541 B) (286 B gzip)
  ├─ .output/server/chunks/routes/api/menu/tree.mjs (835 B) (411 B gzip)
  ├─ .output/server/chunks/routes/api/menu/tree.mjs.map (541 B) (286 B gzip)
  ├─ .output/server/chunks/routes/api/status.mjs (516 B) (271 B gzip)
  ├─ .output/server/chunks/routes/api/status.mjs.map (337 B) (203 B gzip)
  ├─ .output/server/chunks/routes/api/system/dept/_id_.delete.mjs (717 B) (345 B gzip)
  ├─ .output/server/chunks/routes/api/system/dept/_id_.delete.mjs.map (377 B) (235 B gzip)
  ├─ .output/server/chunks/routes/api/system/dept/_id_.put.mjs (708 B) (343 B gzip)
  ├─ .output/server/chunks/routes/api/system/dept/_id_.put.mjs.map (371 B) (232 B gzip)
  ├─ .output/server/chunks/routes/api/system/dept/list.mjs (1.98 kB) (819 B gzip)
  ├─ .output/server/chunks/routes/api/system/dept/list.mjs.map (1.86 kB) (594 B gzip)
  ├─ .output/server/chunks/routes/api/system/menu/list.mjs (703 B) (337 B gzip)
  ├─ .output/server/chunks/routes/api/system/menu/list.mjs.map (331 B) (217 B gzip)
  ├─ .output/server/chunks/routes/api/system/menu/name-exists.mjs (1.07 kB) (493 B gzip)
  ├─ .output/server/chunks/routes/api/system/menu/name-exists.mjs.map (816 B) (375 B gzip)
  ├─ .output/server/chunks/routes/api/system/menu/path-exists.mjs (1.07 kB) (499 B gzip)
  ├─ .output/server/chunks/routes/api/system/menu/path-exists.mjs.map (841 B) (382 B gzip)
  ├─ .output/server/chunks/routes/api/system/role/list.mjs (2.58 kB) (1.01 kB gzip)
  ├─ .output/server/chunks/routes/api/system/role/list.mjs.map (2.6 kB) (793 B gzip)
  ├─ .output/server/chunks/routes/api/table/list.mjs (3.68 kB) (1.35 kB gzip)
  ├─ .output/server/chunks/routes/api/table/list.mjs.map (3.91 kB) (1.05 kB gzip)
  ├─ .output/server/chunks/routes/api/test.get.mjs (360 B) (204 B gzip)
  ├─ .output/server/chunks/routes/api/test.get.mjs.map (158 B) (133 B gzip)
  ├─ .output/server/chunks/routes/api/test.post.mjs (364 B) (206 B gzip)
  ├─ .output/server/chunks/routes/api/test.post.mjs.map (160 B) (133 B gzip)
  ├─ .output/server/chunks/routes/api/timezone/getTimezone.mjs (749 B) (334 B gzip)
  ├─ .output/server/chunks/routes/api/timezone/getTimezone.mjs.map (360 B) (222 B gzip)
  ├─ .output/server/chunks/routes/api/timezone/getTimezoneOptions.mjs (647 B) (336 B gzip)
  ├─ .output/server/chunks/routes/api/timezone/getTimezoneOptions.mjs.map (490 B) (259 B gzip)
  ├─ .output/server/chunks/routes/api/timezone/setTimezone.mjs (1.21 kB) (526 B gzip)
  ├─ .output/server/chunks/routes/api/timezone/setTimezone.mjs.map (757 B) (260 B gzip)
  ├─ .output/server/chunks/routes/api/upload.mjs (724 B) (363 B gzip)
  ├─ .output/server/chunks/routes/api/upload.mjs.map (347 B) (219 B gzip)
  ├─ .output/server/chunks/routes/api/user/getInfo.mjs (662 B) (312 B gzip)
  ├─ .output/server/chunks/routes/api/user/getInfo.mjs.map (328 B) (211 B gzip)
  ├─ .output/server/chunks/routes/api/user/info.mjs (653 B) (308 B gzip)
  ├─ .output/server/chunks/routes/api/user/info.mjs.map (321 B) (210 B gzip)
  ├─ .output/server/index.mjs (1.67 kB) (737 B gzip)
  └─ .output/server/package.json (602 B) (306 B gzip)
Σ Total size: 4.32 MB (1.08 MB gzip)
[nitro] √ You can preview this build using node .output/server/index.mjs
